<?xml version="1.0" encoding="UTF-8"?>
<!-- Generated by org.testng.reporters.JUnitXMLReporter -->
<testsuite hostname="DESKTOP-BGQA5V0" ignored="0" name="LoginTest" tests="4" failures="1" timestamp="2020-05-17T15:16:58 IST" time="79.039" errors="0">
  <testcase name="validateContentLink" time="0.262" classname="FrameWork.LandingScreenTest"/>
  <testcase name="Test1" time="18.767" classname="FrameWork.LoginTest"/>
  <testcase name="validateFeaturedHeader" time="0.089" classname="FrameWork.LandingScreenTest">
    <failure type="java.lang.AssertionError" message="expected [FEATURED COURSES123] but found [FEATURED COURSES]">
      <![CDATA[java.lang.AssertionError: expected [FEATURED COURSES123] but found [FEATURED COURSES]
at FrameWork.LandingScreenTest.validateFeaturedHeader(LandingScreenTest.java:29)
at java.util.concurrent.ThreadPoolExecutor.runWorker(Unknown Source)
at java.util.concurrent.ThreadPoolExecutor$Worker.run(Unknown Source)
at java.lang.Thread.run(Unknown Source)
... Removed 17 stack frames]]>
    </failure>
  </testcase> <!-- validateFeaturedHeader -->
  <testcase name="Test1" time="18.211" classname="FrameWork.LoginTest"/>
</testsuite> <!-- LoginTest -->
