<?xml version="1.0" encoding="UTF-8"?>
<!-- Generated by org.testng.reporters.JUnitXMLReporter -->
<testsuite hostname="DESKTOP-BGQA5V0" ignored="2" name="Test" tests="4" failures="2" timestamp="2020-05-01T08:54:38 IST" time="69.332" errors="0">
  <testcase name="Test1" time="21.928" classname="FrameWork.LoginTest"/>
  <testcase name="Test1" time="19.307" classname="FrameWork.LoginTest"/>
  <testcase name="validateContentLink" time="0.007" classname="FrameWork.LandingScreenTest">
    <failure type="java.lang.NullPointerException">
      <![CDATA[java.lang.NullPointerException
at pageObjects.LandingPage.contactLink(LandingPage.java:28)
at FrameWork.LandingScreenTest.validateContentLink(LandingScreenTest.java:20)
at java.util.ArrayList.forEach(Unknown Source)
... Removed 27 stack frames]]>
    </failure>
  </testcase> <!-- validateContentLink -->
  <testcase name="validateFeaturedHeader" time="0.008" classname="FrameWork.LandingScreenTest">
    <failure type="java.lang.NullPointerException">
      <![CDATA[java.lang.NullPointerException
at pageObjects.LandingPage.featureContent(LandingPage.java:24)
at FrameWork.LandingScreenTest.validateFeaturedHeader(LandingScreenTest.java:14)
at java.util.ArrayList.forEach(Unknown Source)
... Removed 27 stack frames]]>
    </failure>
  </testcase> <!-- validateFeaturedHeader -->
  <testcase name="@BeforeTest start" time="0.0" classname="FrameWork.Base">
    <ignored/>
  </testcase> <!-- @BeforeTest start -->
  <testcase name="@AfterTest teardown" time="0.0" classname="FrameWork.Base">
    <ignored/>
  </testcase> <!-- @AfterTest teardown -->
</testsuite> <!-- Test -->
