<?xml version="1.0" encoding="UTF-8"?>
<testsuite xmlns:xsi="http://www.w3.org/2001/XMLSchema-instance" xsi:noNamespaceSchemaLocation="https://maven.apache.org/surefire/maven-surefire-plugin/xsd/surefire-test-report-3.0.xsd" version="3.0" name="TestSuite" time="220.057" tests="5" errors="0" skipped="3" failures="2">
  <properties>
[...]
</properties>
  <testcase name="Test1" classname="FrameWork.LoginTest" time="126.46">
    <failure message="Error communicating with the remote browser. It may have died.&#10;Build info: version: &apos;4.0.0-alpha-5&apos;, revision: &apos;b3a0d621cc&apos;&#10;System info: host: &apos;DESKTOP-BGQA5V0&apos;, ip: &apos;192.168.43.173&apos;, os.name: &apos;Windows 10&apos;, os.arch: &apos;amd64&apos;, os.version: &apos;10.0&apos;, java.version: &apos;1.8.0_211&apos;&#10;Driver info: driver.version: RemoteWebDriver&#10;Capabilities {acceptInsecureCerts: false, browserName: chrome, browserVersion: 81.0.4044.138, chrome: {chromedriverVersion: 81.0.4044.69 (6813546031a4b..., userDataDir: C:\Users\Admin\AppData\Loca...}, goog:chromeOptions: {debuggerAddress: localhost:51635}, javascriptEnabled: true, networkConnectionEnabled: false, pageLoadStrategy: normal, platform: WINDOWS, platformName: WINDOWS, proxy: Proxy(), setWindowRect: true, strictFileInteractability: false, timeouts: {implicit: 0, pageLoad: 300000, script: 30000}, unhandledPromptBehavior: dismiss and notify, webauthn:virtualAuthenticators: true}&#10;Session ID: f11f05018474b6f1d0e1bd95e6960757" type="org.openqa.selenium.remote.UnreachableBrowserException"><![CDATA[org.openqa.selenium.remote.UnreachableBrowserException: 
Error communicating with the remote browser. It may have died.
Build info: version: '4.0.0-alpha-5', revision: 'b3a0d621cc'
System info: host: 'DESKTOP-BGQA5V0', ip: '192.168.43.173', os.name: 'Windows 10', os.arch: 'amd64', os.version: '10.0', java.version: '1.8.0_211'
Driver info: driver.version: RemoteWebDriver
Capabilities {acceptInsecureCerts: false, browserName: chrome, browserVersion: 81.0.4044.138, chrome: {chromedriverVersion: 81.0.4044.69 (6813546031a4b..., userDataDir: C:\Users\Admin\AppData\Loca...}, goog:chromeOptions: {debuggerAddress: localhost:51635}, javascriptEnabled: true, networkConnectionEnabled: false, pageLoadStrategy: normal, platform: WINDOWS, platformName: WINDOWS, proxy: Proxy(), setWindowRect: true, strictFileInteractability: false, timeouts: {implicit: 0, pageLoad: 300000, script: 30000}, unhandledPromptBehavior: dismiss and notify, webauthn:virtualAuthenticators: true}
Session ID: f11f05018474b6f1d0e1bd95e6960757
	at FrameWork.LoginTest.Test1(LoginTest.java:36)
Caused by: java.lang.RuntimeException: NettyHttpHandler request execution error
	at FrameWork.LoginTest.Test1(LoginTest.java:36)
Caused by: java.util.concurrent.ExecutionException: java.util.concurrent.TimeoutException: Request timeout to localhost/127.0.0.1:21925 after 60000 ms
	at FrameWork.LoginTest.Test1(LoginTest.java:36)
Caused by: java.util.concurrent.TimeoutException: Request timeout to localhost/127.0.0.1:21925 after 60000 ms
]]></failure>
    <system-out><![CDATA[url launched
Login clicked
]]></system-out>
    <system-err><![CDATA[SLF4J: Failed to load class "org.slf4j.impl.StaticLoggerBinder".
SLF4J: Defaulting to no-operation (NOP) logger implementation
SLF4J: See http://www.slf4j.org/codes.html#StaticLoggerBinder for further details.
Starting ChromeDriver 81.0.4044.69 (6813546031a4bc83f717a2ef7cd4ac6ec1199132-refs/branch-heads/4044@{#776}) on port 21925
Only local connections are allowed.
Please protect ports used by ChromeDriver and related test frameworks to prevent access by malicious code.
May 20, 2020 10:58:41 AM org.openqa.selenium.remote.ProtocolHandshake createSession
INFO: Detected dialect: W3C
[1589952524.690][SEVERE]: Timed out receiving message from renderer: 0.100
[1589952524.801][SEVERE]: Timed out receiving message from renderer: 0.100
[1589952524.925][SEVERE]: Timed out receiving message from renderer: 0.100
[1589952525.031][SEVERE]: Timed out receiving message from renderer: 0.100
[1589952525.139][SEVERE]: Timed out receiving message from renderer: 0.100
[1589952525.332][SEVERE]: Timed out receiving message from renderer: 0.100
[1589952525.463][SEVERE]: Timed out receiving message from renderer: 0.100
[1589952525.597][SEVERE]: Timed out receiving message from renderer: 0.100
[1589952525.702][SEVERE]: Timed out receiving message from renderer: 0.100
[1589952525.808][SEVERE]: Timed out receiving message from renderer: 0.100
[1589952525.911][SEVERE]: Timed out receiving message from renderer: 0.100
[1589952526.017][SEVERE]: Timed out receiving message from renderer: 0.100
[1589952526.126][SEVERE]: Timed out receiving message from renderer: 0.100
[1589952526.238][SEVERE]: Timed out receiving message from renderer: 0.100
[1589952526.347][SEVERE]: Timed out receiving message from renderer: 0.100
[1589952526.454][SEVERE]: Timed out receiving message from renderer: 0.100
[1589952526.560][SEVERE]: Timed out receiving message from renderer: 0.100
[1589952526.666][SEVERE]: Timed out receiving message from renderer: 0.100
[1589952526.771][SEVERE]: Timed out receiving message from renderer: 0.100
[1589952526.881][SEVERE]: Timed out receiving message from renderer: 0.100
[1589952527.004][SEVERE]: Timed out receiving message from renderer: 0.100
[1589952527.111][SEVERE]: Timed out receiving message from renderer: 0.100
[1589952527.216][SEVERE]: Timed out receiving message from renderer: 0.100
[1589952528.760][SEVERE]: Timed out receiving message from renderer: 0.100
[1589952528.970][SEVERE]: Timed out receiving message from renderer: 0.100
[1589952529.088][SEVERE]: Timed out receiving message from renderer: 0.100
[1589952529.198][SEVERE]: Timed out receiving message from renderer: 0.100
[1589952529.318][SEVERE]: Timed out receiving message from renderer: 0.100
[1589952529.516][SEVERE]: Timed out receiving message from renderer: 0.100
[1589952530.100][SEVERE]: Timed out receiving message from renderer: 0.100
[1589952530.557][SEVERE]: Timed out receiving message from renderer: 0.100
[1589952530.697][SEVERE]: Timed out receiving message from renderer: 0.100
[1589952530.803][SEVERE]: Timed out receiving message from renderer: 0.100
[1589952530.914][SEVERE]: Timed out receiving message from renderer: 0.100
[1589952531.031][SEVERE]: Timed out receiving message from renderer: 0.100
[1589952531.169][SEVERE]: Timed out receiving message from renderer: 0.100
[1589952531.275][SEVERE]: Timed out receiving message from renderer: 0.100
[1589952531.377][SEVERE]: Timed out receiving message from renderer: 0.100
[1589952531.483][SEVERE]: Timed out receiving message from renderer: 0.100
[1589952531.586][SEVERE]: Timed out receiving message from renderer: 0.100
[1589952531.694][SEVERE]: Timed out receiving message from renderer: 0.100
[1589952531.985][SEVERE]: Timed out receiving message from renderer: 0.100
[1589952532.091][SEVERE]: Timed out receiving message from renderer: 0.100
[1589952532.199][SEVERE]: Timed out receiving message from renderer: 0.100
[1589952532.316][SEVERE]: Timed out receiving message from renderer: 0.100
[1589952532.418][SEVERE]: Timed out receiving message from renderer: 0.100
[1589952532.523][SEVERE]: Timed out receiving message from renderer: 0.100
[1589952532.628][SEVERE]: Timed out receiving message from renderer: 0.100
[1589952532.739][SEVERE]: Timed out receiving message from renderer: 0.100
[1589952532.844][SEVERE]: Timed out receiving message from renderer: 0.100
[1589952532.962][SEVERE]: Timed out receiving message from renderer: 0.100
[1589952533.065][SEVERE]: Timed out receiving message from renderer: 0.100
[1589952533.321][SEVERE]: Timed out receiving message from renderer: 0.100
[1589952533.424][SEVERE]: Timed out receiving message from renderer: 0.100
[1589952533.529][SEVERE]: Timed out receiving message from renderer: 0.100
[1589952533.639][SEVERE]: Timed out receiving message from renderer: 0.100
[1589952533.747][SEVERE]: Timed out receiving message from renderer: 0.100
[1589952533.850][SEVERE]: Timed out receiving message from renderer: 0.100
[1589952533.955][SEVERE]: Timed out receiving message from renderer: 0.100
[1589952534.062][SEVERE]: Timed out receiving message from renderer: 0.100
[1589952534.173][SEVERE]: Timed out receiving message from renderer: 0.100
[1589952534.279][SEVERE]: Timed out receiving message from renderer: 0.100
[1589952534.389][SEVERE]: Timed out receiving message from renderer: 0.100
[1589952534.495][SEVERE]: Timed out receiving message from renderer: 0.100
[1589952534.599][SEVERE]: Timed out receiving message from renderer: 0.100
[1589952534.703][SEVERE]: Timed out receiving message from renderer: 0.100
[1589952534.810][SEVERE]: Timed out receiving message from renderer: 0.100
[1589952534.924][SEVERE]: Timed out receiving message from renderer: 0.100
[1589952535.031][SEVERE]: Timed out receiving message from renderer: 0.100
[1589952535.151][SEVERE]: Timed out receiving message from renderer: 0.100
[1589952535.256][SEVERE]: Timed out receiving message from renderer: 0.100
[1589952535.383][SEVERE]: Timed out receiving message from renderer: 0.100
[1589952535.488][SEVERE]: Timed out receiving message from renderer: 0.100
[1589952535.592][SEVERE]: Timed out receiving message from renderer: 0.100
[1589952535.695][SEVERE]: Timed out receiving message from renderer: 0.100
[1589952535.811][SEVERE]: Timed out receiving message from renderer: 0.100
[1589952535.915][SEVERE]: Timed out receiving message from renderer: 0.100
[1589952536.019][SEVERE]: Timed out receiving message from renderer: 0.100
[1589952536.127][SEVERE]: Timed out receiving message from renderer: 0.100
[1589952536.235][SEVERE]: Timed out receiving message from renderer: 0.100
[1589952536.366][SEVERE]: Timed out receiving message from renderer: 0.100
[1589952536.470][SEVERE]: Timed out receiving message from renderer: 0.100
[1589952536.578][SEVERE]: Timed out receiving message from renderer: 0.100
[1589952536.684][SEVERE]: Timed out receiving message from renderer: 0.100
[1589952536.790][SEVERE]: Timed out receiving message from renderer: 0.100
[1589952536.917][SEVERE]: Timed out receiving message from renderer: 0.100
[1589952537.098][SEVERE]: Timed out receiving message from renderer: 0.100
[1589952537.205][SEVERE]: Timed out receiving message from renderer: 0.100
[1589952537.312][SEVERE]: Timed out receiving message from renderer: 0.100
[1589952537.424][SEVERE]: Timed out receiving message from renderer: 0.100
[1589952537.531][SEVERE]: Timed out receiving message from renderer: 0.100
[1589952537.642][SEVERE]: Timed out receiving message from renderer: 0.100
[1589952537.848][SEVERE]: Timed out receiving message from renderer: 0.100
[1589952537.953][SEVERE]: Timed out receiving message from renderer: 0.100
[1589952538.056][SEVERE]: Timed out receiving message from renderer: 0.100
[1589952538.159][SEVERE]: Timed out receiving message from renderer: 0.100
[1589952538.264][SEVERE]: Timed out receiving message from renderer: 0.100
[1589952538.370][SEVERE]: Timed out receiving message from renderer: 0.100
[1589952538.474][SEVERE]: Timed out receiving message from renderer: 0.100
[1589952538.579][SEVERE]: Timed out receiving message from renderer: 0.100
[1589952538.683][SEVERE]: Timed out receiving message from renderer: 0.100
[1589952538.790][SEVERE]: Timed out receiving message from renderer: 0.100
[1589952538.895][SEVERE]: Timed out receiving message from renderer: 0.100
[1589952539.001][SEVERE]: Timed out receiving message from renderer: 0.100
[1589952539.103][SEVERE]: Timed out receiving message from renderer: 0.100
[1589952539.213][SEVERE]: Timed out receiving message from renderer: 0.100
[1589952539.324][SEVERE]: Timed out receiving message from renderer: 0.100
[1589952539.429][SEVERE]: Timed out receiving message from renderer: 0.100
[1589952539.536][SEVERE]: Timed out receiving message from renderer: 0.100
[1589952539.641][SEVERE]: Timed out receiving message from renderer: 0.100
[1589952539.746][SEVERE]: Timed out receiving message from renderer: 0.100
[1589952539.848][SEVERE]: Timed out receiving message from renderer: 0.100
[1589952539.978][SEVERE]: Timed out receiving message from renderer: 0.100
[1589952540.080][SEVERE]: Timed out receiving message from renderer: 0.100
[1589952540.184][SEVERE]: Timed out receiving message from renderer: 0.100
[1589952540.289][SEVERE]: Timed out receiving message from renderer: 0.100
[1589952540.398][SEVERE]: Timed out receiving message from renderer: 0.100
[1589952540.503][SEVERE]: Timed out receiving message from renderer: 0.100
[1589952540.612][SEVERE]: Timed out receiving message from renderer: 0.100
[1589952540.719][SEVERE]: Timed out receiving message from renderer: 0.100
[1589952540.824][SEVERE]: Timed out receiving message from renderer: 0.100
[1589952540.929][SEVERE]: Timed out receiving message from renderer: 0.100
[1589952541.774][SEVERE]: Timed out receiving message from renderer: 0.100
[1589952542.052][SEVERE]: Timed out receiving message from renderer: 0.100
[1589952542.863][SEVERE]: Timed out receiving message from renderer: 0.100
[1589952543.262][SEVERE]: Timed out receiving message from renderer: 0.100
[1589952543.372][SEVERE]: Timed out receiving message from renderer: 0.100
[1589952544.680][SEVERE]: Timed out receiving message from renderer: 0.100
[1589952547.889][SEVERE]: Timed out receiving message from renderer: 0.100
[1589952548.019][SEVERE]: Timed out receiving message from renderer: 0.100
[1589952548.389][SEVERE]: Timed out receiving message from renderer: 0.100
[1589952548.504][SEVERE]: Timed out receiving message from renderer: 0.100
[1589952548.663][SEVERE]: Timed out receiving message from renderer: 0.100
[1589952548.767][SEVERE]: Timed out receiving message from renderer: 0.100
[1589952548.871][SEVERE]: Timed out receiving message from renderer: 0.100
[1589952548.973][SEVERE]: Timed out receiving message from renderer: 0.100
[1589952549.078][SEVERE]: Timed out receiving message from renderer: 0.100
[1589952549.185][SEVERE]: Timed out receiving message from renderer: 0.100
org.openqa.selenium.remote.UnreachableBrowserException: Error communicating with the remote browser. It may have died.
Build info: version: '4.0.0-alpha-5', revision: 'b3a0d621cc'
System info: host: 'DESKTOP-BGQA5V0', ip: '192.168.43.173', os.name: 'Windows 10', os.arch: 'amd64', os.version: '10.0', java.version: '1.8.0_211'
Driver info: driver.version: RemoteWebDriver
Capabilities {acceptInsecureCerts: false, browserName: chrome, browserVersion: 81.0.4044.138, chrome: {chromedriverVersion: 81.0.4044.69 (6813546031a4b..., userDataDir: C:\Users\Admin\AppData\Loca...}, goog:chromeOptions: {debuggerAddress: localhost:51635}, javascriptEnabled: true, networkConnectionEnabled: false, pageLoadStrategy: normal, platform: WINDOWS, platformName: WINDOWS, proxy: Proxy(), setWindowRect: true, strictFileInteractability: false, timeouts: {implicit: 0, pageLoad: 300000, script: 30000}, unhandledPromptBehavior: dismiss and notify, webauthn:virtualAuthenticators: true}
Session ID: f11f05018474b6f1d0e1bd95e6960757
	at org.openqa.selenium.remote.RemoteWebDriver.execute(RemoteWebDriver.java:603)
	at org.openqa.selenium.remote.RemoteWebDriver.execute(RemoteWebDriver.java:639)
	at org.openqa.selenium.remote.RemoteWebDriver.execute(RemoteWebDriver.java:643)
	at org.openqa.selenium.remote.RemoteWebDriver.getScreenshotAs(RemoteWebDriver.java:303)
	at FrameWork.Base.getScreenShotPath(Base.java:113)
	at FrameWork.Listener.onTestFailure(Listener.java:47)
	at org.testng.internal.TestListenerHelper.runTestListeners(TestListenerHelper.java:66)
	at org.testng.internal.TestInvoker.runTestResultListener(TestInvoker.java:210)
	at org.testng.internal.TestInvoker.invokeMethod(TestInvoker.java:638)
	at org.testng.internal.TestInvoker.invokeTestMethod(TestInvoker.java:172)
	at org.testng.internal.MethodRunner.runInSequence(MethodRunner.java:46)
	at org.testng.internal.TestInvoker$MethodInvocationAgent.invoke(TestInvoker.java:804)
	at org.testng.internal.TestInvoker.invokeTestMethods(TestInvoker.java:145)
	at org.testng.internal.TestMethodWorker.invokeTestMethods(TestMethodWorker.java:146)
	at org.testng.internal.TestMethodWorker.run(TestMethodWorker.java:128)
	at java.util.concurrent.ThreadPoolExecutor.runWorker(ThreadPoolExecutor.java:1149)
	at java.util.concurrent.ThreadPoolExecutor$Worker.run(ThreadPoolExecutor.java:624)
	at java.lang.Thread.run(Thread.java:748)
Caused by: java.lang.RuntimeException: NettyHttpHandler request execution error
	at org.openqa.selenium.remote.http.netty.NettyHttpHandler.makeCall(NettyHttpHandler.java:72)
	at org.openqa.selenium.remote.http.AddSeleniumUserAgent.lambda$apply$0(AddSeleniumUserAgent.java:42)
	at org.openqa.selenium.remote.http.Filter.lambda$andFinally$1(Filter.java:55)
	at org.openqa.selenium.remote.http.netty.NettyHttpHandler.execute(NettyHttpHandler.java:47)
	at org.openqa.selenium.remote.http.AddSeleniumUserAgent.lambda$apply$0(AddSeleniumUserAgent.java:42)
	at org.openqa.selenium.remote.http.Filter.lambda$andFinally$1(Filter.java:55)
	at org.openqa.selenium.remote.http.netty.NettyClient.execute(NettyClient.java:47)
	at org.openqa.selenium.remote.HttpCommandExecutor.execute(HttpCommandExecutor.java:158)
	at org.openqa.selenium.remote.service.DriverCommandExecutor.execute(DriverCommandExecutor.java:83)
	at org.openqa.selenium.remote.RemoteWebDriver.execute(RemoteWebDriver.java:582)
	... 17 more
Caused by: java.util.concurrent.ExecutionException: java.util.concurrent.TimeoutException: Request timeout to localhost/127.0.0.1:21925 after 60000 ms
	at java.util.concurrent.CompletableFuture.reportGet(CompletableFuture.java:357)
	at java.util.concurrent.CompletableFuture.get(CompletableFuture.java:1895)
	at org.asynchttpclient.netty.NettyResponseFuture.get(NettyResponseFuture.java:201)
	at org.openqa.selenium.remote.http.netty.NettyHttpHandler.makeCall(NettyHttpHandler.java:57)
	... 26 more
Caused by: java.util.concurrent.TimeoutException: Request timeout to localhost/127.0.0.1:21925 after 60000 ms
	at org.asynchttpclient.netty.timeout.TimeoutTimerTask.expire(TimeoutTimerTask.java:43)
	at org.asynchttpclient.netty.timeout.RequestTimeoutTimerTask.run(RequestTimeoutTimerTask.java:50)
	at io.netty.util.HashedWheelTimer$HashedWheelTimeout.expire(HashedWheelTimer.java:672)
	at io.netty.util.HashedWheelTimer$HashedWheelBucket.expireTimeouts(HashedWheelTimer.java:747)
	at io.netty.util.HashedWheelTimer$Worker.run(HashedWheelTimer.java:472)
	at io.netty.util.concurrent.FastThreadLocalRunnable.run(FastThreadLocalRunnable.java:30)
	... 1 more
]]></system-err>
  </testcase>
  <testcase name="Test1" classname="FrameWork.LoginTest" time="0">
    <skipped message="Error communicating with the remote browser. It may have died.&#10;Build info: version: &apos;4.0.0-alpha-5&apos;, revision: &apos;b3a0d621cc&apos;&#10;System info: host: &apos;DESKTOP-BGQA5V0&apos;, ip: &apos;192.168.43.173&apos;, os.name: &apos;Windows 10&apos;, os.arch: &apos;amd64&apos;, os.version: &apos;10.0&apos;, java.version: &apos;1.8.0_211&apos;&#10;Driver info: driver.version: RemoteWebDriver&#10;Capabilities {acceptInsecureCerts: false, browserName: chrome, browserVersion: 81.0.4044.138, chrome: {chromedriverVersion: 81.0.4044.69 (6813546031a4b..., userDataDir: C:\Users\Admin\AppData\Loca...}, goog:chromeOptions: {debuggerAddress: localhost:51635}, javascriptEnabled: true, networkConnectionEnabled: false, pageLoadStrategy: normal, platform: WINDOWS, platformName: WINDOWS, proxy: Proxy(), setWindowRect: true, strictFileInteractability: false, timeouts: {implicit: 0, pageLoad: 300000, script: 30000}, unhandledPromptBehavior: dismiss and notify, webauthn:virtualAuthenticators: true}&#10;Session ID: f11f05018474b6f1d0e1bd95e6960757"/>
  </testcase>
  <testcase name="teardown" classname="FrameWork.LoginTest" time="186.492">
    <failure message="Error communicating with the remote browser. It may have died.&#10;Build info: version: &apos;4.0.0-alpha-5&apos;, revision: &apos;b3a0d621cc&apos;&#10;System info: host: &apos;DESKTOP-BGQA5V0&apos;, ip: &apos;192.168.43.173&apos;, os.name: &apos;Windows 10&apos;, os.arch: &apos;amd64&apos;, os.version: &apos;10.0&apos;, java.version: &apos;1.8.0_211&apos;&#10;Driver info: driver.version: RemoteWebDriver&#10;Capabilities {acceptInsecureCerts: false, browserName: chrome, browserVersion: 81.0.4044.138, chrome: {chromedriverVersion: 81.0.4044.69 (6813546031a4b..., userDataDir: C:\Users\Admin\AppData\Loca...}, goog:chromeOptions: {debuggerAddress: localhost:51635}, javascriptEnabled: true, networkConnectionEnabled: false, pageLoadStrategy: normal, platform: WINDOWS, platformName: WINDOWS, proxy: Proxy(), setWindowRect: true, strictFileInteractability: false, timeouts: {implicit: 0, pageLoad: 300000, script: 30000}, unhandledPromptBehavior: dismiss and notify, webauthn:virtualAuthenticators: true}&#10;Session ID: f11f05018474b6f1d0e1bd95e6960757" type="org.openqa.selenium.remote.UnreachableBrowserException"><![CDATA[org.openqa.selenium.remote.UnreachableBrowserException: 
Error communicating with the remote browser. It may have died.
Build info: version: '4.0.0-alpha-5', revision: 'b3a0d621cc'
System info: host: 'DESKTOP-BGQA5V0', ip: '192.168.43.173', os.name: 'Windows 10', os.arch: 'amd64', os.version: '10.0', java.version: '1.8.0_211'
Driver info: driver.version: RemoteWebDriver
Capabilities {acceptInsecureCerts: false, browserName: chrome, browserVersion: 81.0.4044.138, chrome: {chromedriverVersion: 81.0.4044.69 (6813546031a4b..., userDataDir: C:\Users\Admin\AppData\Loca...}, goog:chromeOptions: {debuggerAddress: localhost:51635}, javascriptEnabled: true, networkConnectionEnabled: false, pageLoadStrategy: normal, platform: WINDOWS, platformName: WINDOWS, proxy: Proxy(), setWindowRect: true, strictFileInteractability: false, timeouts: {implicit: 0, pageLoad: 300000, script: 30000}, unhandledPromptBehavior: dismiss and notify, webauthn:virtualAuthenticators: true}
Session ID: f11f05018474b6f1d0e1bd95e6960757
Caused by: java.lang.RuntimeException: NettyHttpHandler request execution error
Caused by: java.util.concurrent.ExecutionException: java.util.concurrent.TimeoutException: Request timeout to localhost/127.0.0.1:21925 after 60000 ms
Caused by: java.util.concurrent.TimeoutException: Request timeout to localhost/127.0.0.1:21925 after 60000 ms
]]></failure>
  </testcase>
  <testcase name="teardown" classname="FrameWork.LoginTest" time="0">
    <skipped/>
  </testcase>
  <testcase name="start" classname="FrameWork.LoginTest" time="0">
    <skipped/>
  </testcase>
</testsuite>